Arguments:
  /usr/local/Cellar/node/9.5.0/bin/node /usr/local/Cellar/yarn/1.3.2/libexec/bin/yarn.js add cssnext --dev

PATH:
  /Users/clinton/bin:/usr/local/bin:/usr/bin:/bin:/usr/sbin:/sbin:/Applications/Racket v6.11/bin

Yarn version:
  1.3.2

Node version:
  9.5.0

Platform:
  darwin x64

npm manifest:
  {
    "dependencies": {
      "moment": "^2.20.1",
      "postcss-cssnext": "^3.1.0",
      "voca": "^1.4.0"
    }
  }

yarn manifest:
  No manifest

Lockfile:
  # THIS IS AN AUTOGENERATED FILE. DO NOT EDIT THIS FILE DIRECTLY.
  # yarn lockfile v1


  moment@^2.20.1:
    version "2.20.1"
    resolved "https://registry.yarnpkg.com/moment/-/moment-2.20.1.tgz#d6eb1a46cbcc14a2b2f9434112c1ff8907f313fd"

  voca@^1.4.0:
    version "1.4.0"
    resolved "https://registry.yarnpkg.com/voca/-/voca-1.4.0.tgz#e15ac58b38290b72acc0c330366b6cc7984924d7"

Trace:
  Error: https://registry.yarnpkg.com/color/-/color-0.9.0.tgz: ENOENT: no such file or directory, open '/Users/clinton/Library/Caches/Yarn/v1/npm-color-0.9.0-91146d460cdd5543ea1fa20aa0b597337509b64d/.yarn-tarball.tgz'
